<?xml version="1.0" encoding="UTF-8"?>
<!-- Generated by org.testng.reporters.JUnitReportReporter -->
<testsuite hostname="ShreeRam" failures="0" tests="1" name="learning.ExtendReports.ExtendReportsDemo" time="4.567" errors="0" timestamp="2024-11-10T21:59:50 IST" skipped="0">
  <testcase classname="learning.ExtendReports.ExtendReportsDemo" name="InitialDemo" time="4.567"/>
</testsuite> <!-- learning.ExtendReports.ExtendReportsDemo -->
